<?xml version="1.0" encoding="UTF-8" ?>
<testsuite failures="0" time="0.298" errors="0" skipped="0" tests="4" name="com.lifetech.hadoop.bioseq.mapreduce.input.TestFastRecordReader">
  <properties>
    <property name="java.runtime.name" value="Java(TM) SE Runtime Environment"/>
    <property name="sun.boot.library.path" value="/usr/lib/jvm/java-6-sun-1.6.0.20/jre/lib/amd64"/>
    <property name="java.vm.version" value="16.3-b01"/>
    <property name="java.vm.vendor" value="Sun Microsystems Inc."/>
    <property name="java.vendor.url" value="http://java.sun.com/"/>
    <property name="path.separator" value=":"/>
    <property name="java.vm.name" value="Java HotSpot(TM) 64-Bit Server VM"/>
    <property name="file.encoding.pkg" value="sun.io"/>
    <property name="user.country" value="US"/>
    <property name="sun.java.launcher" value="SUN_STANDARD"/>
    <property name="sun.os.patch.level" value="unknown"/>
    <property name="java.vm.specification.name" value="Java Virtual Machine Specification"/>
    <property name="user.dir" value="/home/varuzza/workspace/bioseq"/>
    <property name="java.runtime.version" value="1.6.0_20-b02"/>
    <property name="java.awt.graphicsenv" value="sun.awt.X11GraphicsEnvironment"/>
    <property name="basedir" value="/home/varuzza/workspace/bioseq"/>
    <property name="java.endorsed.dirs" value="/usr/lib/jvm/java-6-sun-1.6.0.20/jre/lib/endorsed"/>
    <property name="os.arch" value="amd64"/>
    <property name="surefire.real.class.path" value="/tmp/surefirebooter4625388776531119612.jar"/>
    <property name="java.io.tmpdir" value="/tmp"/>
    <property name="line.separator" value="
"/>
    <property name="java.vm.specification.vendor" value="Sun Microsystems Inc."/>
    <property name="os.name" value="Linux"/>
    <property name="sun.jnu.encoding" value="UTF-8"/>
    <property name="java.library.path" value="/usr/lib/jvm/java-6-sun-1.6.0.20/jre/lib/amd64/server:/usr/lib/jvm/java-6-sun-1.6.0.20/jre/lib/amd64:/usr/lib/jvm/java-6-sun-1.6.0.20/jre/../lib/amd64:/usr/java/packages/lib/amd64:/usr/lib64:/lib64:/lib:/usr/lib"/>
    <property name="surefire.test.class.path" value="/home/varuzza/workspace/bioseq/target/test-classes:/home/varuzza/workspace/bioseq/target/classes:/home/varuzza/.m2/repository/org/apache/hadoop/hadoop-core/0.20.2/hadoop-core-0.20.2.jar:/home/varuzza/.m2/repository/commons-cli/commons-cli/1.2/commons-cli-1.2.jar:/home/varuzza/.m2/repository/xmlenc/xmlenc/0.52/xmlenc-0.52.jar:/home/varuzza/.m2/repository/commons-httpclient/commons-httpclient/3.0.1/commons-httpclient-3.0.1.jar:/home/varuzza/.m2/repository/junit/junit/4.5/junit-4.5.jar:/home/varuzza/.m2/repository/commons-logging/commons-logging/1.0.3/commons-logging-1.0.3.jar:/home/varuzza/.m2/repository/commons-codec/commons-codec/1.3/commons-codec-1.3.jar:/home/varuzza/.m2/repository/commons-net/commons-net/1.4.1/commons-net-1.4.1.jar:/home/varuzza/.m2/repository/oro/oro/2.0.8/oro-2.0.8.jar:/home/varuzza/.m2/repository/org/mortbay/jetty/jetty/6.1.14/jetty-6.1.14.jar:/home/varuzza/.m2/repository/org/mortbay/jetty/jetty-util/6.1.14/jetty-util-6.1.14.jar:/home/varuzza/.m2/repository/org/mortbay/jetty/servlet-api-2.5/6.1.14/servlet-api-2.5-6.1.14.jar:/home/varuzza/.m2/repository/tomcat/jasper-runtime/5.5.12/jasper-runtime-5.5.12.jar:/home/varuzza/.m2/repository/tomcat/jasper-compiler/5.5.12/jasper-compiler-5.5.12.jar:/home/varuzza/.m2/repository/org/mortbay/jetty/jsp-api-2.1/6.1.14/jsp-api-2.1-6.1.14.jar:/home/varuzza/.m2/repository/org/mortbay/jetty/jsp-2.1/6.1.14/jsp-2.1-6.1.14.jar:/home/varuzza/.m2/repository/org/eclipse/jdt/core/3.1.1/core-3.1.1.jar:/home/varuzza/.m2/repository/ant/ant/1.6.5/ant-1.6.5.jar:/home/varuzza/.m2/repository/commons-el/commons-el/1.0/commons-el-1.0.jar:/home/varuzza/.m2/repository/net/java/dev/jets3t/jets3t/0.7.1/jets3t-0.7.1.jar:/home/varuzza/.m2/repository/net/sf/kosmosfs/kfs/0.3/kfs-0.3.jar:/home/varuzza/.m2/repository/hsqldb/hsqldb/1.8.0.10/hsqldb-1.8.0.10.jar:/home/varuzza/.m2/repository/commons-lang/commons-lang/2.5/commons-lang-2.5.jar:"/>
    <property name="java.specification.name" value="Java Platform API Specification"/>
    <property name="java.class.version" value="50.0"/>
    <property name="sun.management.compiler" value="HotSpot 64-Bit Server Compiler"/>
    <property name="os.version" value="2.6.32-22-generic"/>
    <property name="user.home" value="/home/varuzza"/>
    <property name="user.timezone" value=""/>
    <property name="java.awt.printerjob" value="sun.print.PSPrinterJob"/>
    <property name="file.encoding" value="UTF-8"/>
    <property name="java.specification.version" value="1.6"/>
    <property name="user.name" value="varuzza"/>
    <property name="java.class.path" value="/home/varuzza/workspace/bioseq/target/test-classes:/home/varuzza/workspace/bioseq/target/classes:/home/varuzza/.m2/repository/org/apache/hadoop/hadoop-core/0.20.2/hadoop-core-0.20.2.jar:/home/varuzza/.m2/repository/commons-cli/commons-cli/1.2/commons-cli-1.2.jar:/home/varuzza/.m2/repository/xmlenc/xmlenc/0.52/xmlenc-0.52.jar:/home/varuzza/.m2/repository/commons-httpclient/commons-httpclient/3.0.1/commons-httpclient-3.0.1.jar:/home/varuzza/.m2/repository/junit/junit/4.5/junit-4.5.jar:/home/varuzza/.m2/repository/commons-logging/commons-logging/1.0.3/commons-logging-1.0.3.jar:/home/varuzza/.m2/repository/commons-codec/commons-codec/1.3/commons-codec-1.3.jar:/home/varuzza/.m2/repository/commons-net/commons-net/1.4.1/commons-net-1.4.1.jar:/home/varuzza/.m2/repository/oro/oro/2.0.8/oro-2.0.8.jar:/home/varuzza/.m2/repository/org/mortbay/jetty/jetty/6.1.14/jetty-6.1.14.jar:/home/varuzza/.m2/repository/org/mortbay/jetty/jetty-util/6.1.14/jetty-util-6.1.14.jar:/home/varuzza/.m2/repository/org/mortbay/jetty/servlet-api-2.5/6.1.14/servlet-api-2.5-6.1.14.jar:/home/varuzza/.m2/repository/tomcat/jasper-runtime/5.5.12/jasper-runtime-5.5.12.jar:/home/varuzza/.m2/repository/tomcat/jasper-compiler/5.5.12/jasper-compiler-5.5.12.jar:/home/varuzza/.m2/repository/org/mortbay/jetty/jsp-api-2.1/6.1.14/jsp-api-2.1-6.1.14.jar:/home/varuzza/.m2/repository/org/mortbay/jetty/jsp-2.1/6.1.14/jsp-2.1-6.1.14.jar:/home/varuzza/.m2/repository/org/eclipse/jdt/core/3.1.1/core-3.1.1.jar:/home/varuzza/.m2/repository/ant/ant/1.6.5/ant-1.6.5.jar:/home/varuzza/.m2/repository/commons-el/commons-el/1.0/commons-el-1.0.jar:/home/varuzza/.m2/repository/net/java/dev/jets3t/jets3t/0.7.1/jets3t-0.7.1.jar:/home/varuzza/.m2/repository/net/sf/kosmosfs/kfs/0.3/kfs-0.3.jar:/home/varuzza/.m2/repository/hsqldb/hsqldb/1.8.0.10/hsqldb-1.8.0.10.jar:/home/varuzza/.m2/repository/commons-lang/commons-lang/2.5/commons-lang-2.5.jar:"/>
    <property name="java.vm.specification.version" value="1.0"/>
    <property name="sun.arch.data.model" value="64"/>
    <property name="java.home" value="/usr/lib/jvm/java-6-sun-1.6.0.20/jre"/>
    <property name="java.specification.vendor" value="Sun Microsystems Inc."/>
    <property name="user.language" value="en"/>
    <property name="java.vm.info" value="mixed mode"/>
    <property name="java.version" value="1.6.0_20"/>
    <property name="java.ext.dirs" value="/usr/lib/jvm/java-6-sun-1.6.0.20/jre/lib/ext:/usr/java/packages/lib/ext"/>
    <property name="sun.boot.class.path" value="/usr/lib/jvm/java-6-sun-1.6.0.20/jre/lib/resources.jar:/usr/lib/jvm/java-6-sun-1.6.0.20/jre/lib/rt.jar:/usr/lib/jvm/java-6-sun-1.6.0.20/jre/lib/sunrsasign.jar:/usr/lib/jvm/java-6-sun-1.6.0.20/jre/lib/jsse.jar:/usr/lib/jvm/java-6-sun-1.6.0.20/jre/lib/jce.jar:/usr/lib/jvm/java-6-sun-1.6.0.20/jre/lib/charsets.jar:/usr/lib/jvm/java-6-sun-1.6.0.20/jre/classes"/>
    <property name="java.vendor" value="Sun Microsystems Inc."/>
    <property name="localRepository" value="/home/varuzza/.m2/repository"/>
    <property name="file.separator" value="/"/>
    <property name="java.vendor.url.bug" value="http://java.sun.com/cgi-bin/bugreport.cgi"/>
    <property name="sun.cpu.endian" value="little"/>
    <property name="sun.io.unicode.encoding" value="UnicodeLittle"/>
    <property name="sun.desktop" value="gnome"/>
    <property name="sun.cpu.isalist" value=""/>
  </properties>
  <testcase time="0.063" classname="com.lifetech.hadoop.bioseq.mapreduce.input.TestFastRecordReader" name="testCreation"/>
  <testcase time="0.05" classname="com.lifetech.hadoop.bioseq.mapreduce.input.TestFastRecordReader" name="testWholeFile_testFirst"/>
  <testcase time="0.085" classname="com.lifetech.hadoop.bioseq.mapreduce.input.TestFastRecordReader" name="testWholeFile_testLast"/>
  <testcase time="0.094" classname="com.lifetech.hadoop.bioseq.mapreduce.input.TestFastRecordReader" name="testSplitFile"/>
</testsuite>